000 (89830.000.000) 10/11 14:43:37 Job submitted from host: <192.168.119.42:9618?addrs=192.168.119.42-9618&noUDP&sock=936396_5930_3>
...
001 (89830.000.000) 10/11 14:43:37 Job executing on host: <192.168.112.37:9618?addrs=192.168.112.37-9618&noUDP&sock=27430_46e5_4>
...
006 (89830.000.000) 10/11 14:43:46 Image size of job updated: 300244
	55  -  MemoryUsage of job (MB)
	55372  -  ResidentSetSize of job (KB)
...
005 (89830.000.000) 10/11 14:43:47 Job terminated.
	(1) Normal termination (return value 0)
		Usr 0 00:00:05, Sys 0 00:00:00  -  Run Remote Usage
		Usr 0 00:00:00, Sys 0 00:00:00  -  Run Local Usage
		Usr 0 00:00:05, Sys 0 00:00:00  -  Total Remote Usage
		Usr 0 00:00:00, Sys 0 00:00:00  -  Total Local Usage
	0  -  Run Bytes Sent By Job
	0  -  Run Bytes Received By Job
	0  -  Total Bytes Sent By Job
	0  -  Total Bytes Received By Job
	Partitionable Resources :    Usage  Request Allocated 
	   Cpus                 :        0        1         1 
	   Disk (KB)            :     7500     7500     23973 
	   Memory (MB)          :       55     1000      1024 
...
000 (89831.000.000) 10/11 14:44:06 Job submitted from host: <192.168.119.42:9618?addrs=192.168.119.42-9618&noUDP&sock=936396_5930_3>
...
001 (89831.000.000) 10/11 14:44:07 Job executing on host: <192.168.112.37:9618?addrs=192.168.112.37-9618&noUDP&sock=27430_46e5_4>
...
006 (89831.000.000) 10/11 14:44:13 Image size of job updated: 321584
	1  -  MemoryUsage of job (MB)
	32  -  ResidentSetSize of job (KB)
...
005 (89831.000.000) 10/11 14:44:13 Job terminated.
	(1) Normal termination (return value 0)
		Usr 0 00:00:05, Sys 0 00:00:00  -  Run Remote Usage
		Usr 0 00:00:00, Sys 0 00:00:00  -  Run Local Usage
		Usr 0 00:00:05, Sys 0 00:00:00  -  Total Remote Usage
		Usr 0 00:00:00, Sys 0 00:00:00  -  Total Local Usage
	0  -  Run Bytes Sent By Job
	0  -  Run Bytes Received By Job
	0  -  Total Bytes Sent By Job
	0  -  Total Bytes Received By Job
	Partitionable Resources :    Usage  Request Allocated 
	   Cpus                 :        0        1         1 
	   Disk (KB)            :     7500     7500     23973 
	   Memory (MB)          :        1     1000      1024 
...
000 (90465.000.000) 10/22 17:47:59 Job submitted from host: <192.168.119.42:9618?addrs=192.168.119.42-9618&noUDP&sock=936396_5930_3>
...
001 (90465.000.000) 10/22 17:50:06 Job executing on host: <192.168.112.65:9618?addrs=192.168.112.65-9618&noUDP&sock=2392_4aa0_4>
...
006 (90465.000.000) 10/22 17:50:14 Image size of job updated: 304936
	33  -  MemoryUsage of job (MB)
	33640  -  ResidentSetSize of job (KB)
...
005 (90465.000.000) 10/22 17:50:20 Job terminated.
	(1) Normal termination (return value 0)
		Usr 0 00:00:03, Sys 0 00:00:00  -  Run Remote Usage
		Usr 0 00:00:00, Sys 0 00:00:00  -  Run Local Usage
		Usr 0 00:00:03, Sys 0 00:00:00  -  Total Remote Usage
		Usr 0 00:00:00, Sys 0 00:00:00  -  Total Local Usage
	0  -  Run Bytes Sent By Job
	0  -  Run Bytes Received By Job
	0  -  Total Bytes Sent By Job
	0  -  Total Bytes Received By Job
	Partitionable Resources :    Usage  Request Allocated 
	   Cpus                 :        0        1         1 
	   Disk (KB)            :     7500     7500     24694 
	   Memory (MB)          :       33     1000      1024 
...
000 (90677.000.000) 10/28 17:05:35 Job submitted from host: <192.168.119.42:9618?addrs=192.168.119.42-9618&noUDP&sock=936396_5930_3>
...
000 (90677.001.000) 10/28 17:05:35 Job submitted from host: <192.168.119.42:9618?addrs=192.168.119.42-9618&noUDP&sock=936396_5930_3>
...
000 (90677.002.000) 10/28 17:05:35 Job submitted from host: <192.168.119.42:9618?addrs=192.168.119.42-9618&noUDP&sock=936396_5930_3>
...
000 (90677.003.000) 10/28 17:05:35 Job submitted from host: <192.168.119.42:9618?addrs=192.168.119.42-9618&noUDP&sock=936396_5930_3>
...
000 (90677.004.000) 10/28 17:05:35 Job submitted from host: <192.168.119.42:9618?addrs=192.168.119.42-9618&noUDP&sock=936396_5930_3>
...
000 (90677.005.000) 10/28 17:05:35 Job submitted from host: <192.168.119.42:9618?addrs=192.168.119.42-9618&noUDP&sock=936396_5930_3>
...
000 (90677.006.000) 10/28 17:05:35 Job submitted from host: <192.168.119.42:9618?addrs=192.168.119.42-9618&noUDP&sock=936396_5930_3>
...
000 (90677.007.000) 10/28 17:05:35 Job submitted from host: <192.168.119.42:9618?addrs=192.168.119.42-9618&noUDP&sock=936396_5930_3>
...
000 (90677.008.000) 10/28 17:05:35 Job submitted from host: <192.168.119.42:9618?addrs=192.168.119.42-9618&noUDP&sock=936396_5930_3>
...
000 (90677.009.000) 10/28 17:05:35 Job submitted from host: <192.168.119.42:9618?addrs=192.168.119.42-9618&noUDP&sock=936396_5930_3>
...
001 (90677.007.000) 10/28 17:05:35 Job executing on host: <192.168.112.50:9618?addrs=192.168.112.50-9618&noUDP&sock=1801_ea28_321>
...
001 (90677.008.000) 10/28 17:05:35 Job executing on host: <192.168.112.50:9618?addrs=192.168.112.50-9618&noUDP&sock=1801_ea28_321>
...
001 (90677.006.000) 10/28 17:05:35 Job executing on host: <192.168.112.39:9618?addrs=192.168.112.39-9618&noUDP&sock=1777_73e2_4>
...
001 (90677.005.000) 10/28 17:05:35 Job executing on host: <192.168.112.37:9618?addrs=192.168.112.37-9618&noUDP&sock=27430_46e5_4>
...
001 (90677.004.000) 10/28 17:05:35 Job executing on host: <192.168.112.36:9618?addrs=192.168.112.36-9618&noUDP&sock=1787_4fd4_4>
...
001 (90677.001.000) 10/28 17:05:35 Job executing on host: <192.168.112.34:9618?addrs=192.168.112.34-9618&noUDP&sock=1782_e1db_4>
...
001 (90677.009.000) 10/28 17:05:35 Job executing on host: <192.168.112.39:9618?addrs=192.168.112.39-9618&noUDP&sock=1777_73e2_4>
...
001 (90677.002.000) 10/28 17:05:35 Job executing on host: <192.168.112.35:9618?addrs=192.168.112.35-9618&noUDP&sock=1803_4958_71>
...
001 (90677.003.000) 10/28 17:05:35 Job executing on host: <192.168.112.33:9618?addrs=192.168.112.33-9618&noUDP&sock=1781_3243_4>
...
001 (90677.000.000) 10/28 17:05:35 Job executing on host: <192.168.112.65:9618?addrs=192.168.112.65-9618&noUDP&sock=2392_4aa0_4>
...
006 (90677.000.000) 10/28 17:05:39 Image size of job updated: 315244
	0  -  MemoryUsage of job (MB)
	0  -  ResidentSetSize of job (KB)
...
005 (90677.000.000) 10/28 17:05:39 Job terminated.
	(1) Normal termination (return value 0)
		Usr 0 00:00:01, Sys 0 00:00:00  -  Run Remote Usage
		Usr 0 00:00:00, Sys 0 00:00:00  -  Run Local Usage
		Usr 0 00:00:01, Sys 0 00:00:00  -  Total Remote Usage
		Usr 0 00:00:00, Sys 0 00:00:00  -  Total Local Usage
	0  -  Run Bytes Sent By Job
	0  -  Run Bytes Received By Job
	0  -  Total Bytes Sent By Job
	0  -  Total Bytes Received By Job
	Partitionable Resources :    Usage  Request Allocated 
	   Cpus                 :        0        1         1 
	   Disk (KB)            :     7500     7500     24694 
	   Memory (MB)          :        0     1000      1024 
...
006 (90677.004.000) 10/28 17:05:39 Image size of job updated: 315836
	1  -  MemoryUsage of job (MB)
	36  -  ResidentSetSize of job (KB)
...
005 (90677.004.000) 10/28 17:05:39 Job terminated.
	(1) Normal termination (return value 0)
		Usr 0 00:00:03, Sys 0 00:00:00  -  Run Remote Usage
		Usr 0 00:00:00, Sys 0 00:00:00  -  Run Local Usage
		Usr 0 00:00:03, Sys 0 00:00:00  -  Total Remote Usage
		Usr 0 00:00:00, Sys 0 00:00:00  -  Total Local Usage
	0  -  Run Bytes Sent By Job
	0  -  Run Bytes Received By Job
	0  -  Total Bytes Sent By Job
	0  -  Total Bytes Received By Job
	Partitionable Resources :    Usage  Request Allocated 
	   Cpus                 :        0        1         1 
	   Disk (KB)            :     7500     7500     24862 
	   Memory (MB)          :        1     1000      1024 
...
006 (90677.001.000) 10/28 17:05:39 Image size of job updated: 315836
	0  -  MemoryUsage of job (MB)
	0  -  ResidentSetSize of job (KB)
...
005 (90677.001.000) 10/28 17:05:39 Job terminated.
	(1) Normal termination (return value 0)
		Usr 0 00:00:03, Sys 0 00:00:00  -  Run Remote Usage
		Usr 0 00:00:00, Sys 0 00:00:00  -  Run Local Usage
		Usr 0 00:00:03, Sys 0 00:00:00  -  Total Remote Usage
		Usr 0 00:00:00, Sys 0 00:00:00  -  Total Local Usage
	0  -  Run Bytes Sent By Job
	0  -  Run Bytes Received By Job
	0  -  Total Bytes Sent By Job
	0  -  Total Bytes Received By Job
	Partitionable Resources :    Usage  Request Allocated 
	   Cpus                 :        0        1         1 
	   Disk (KB)            :     7500     7500     24862 
	   Memory (MB)          :        0     1000      1024 
...
006 (90677.007.000) 10/28 17:05:39 Image size of job updated: 269508
	1  -  MemoryUsage of job (MB)
	96  -  ResidentSetSize of job (KB)
...
006 (90677.008.000) 10/28 17:05:39 Image size of job updated: 34824
	1  -  MemoryUsage of job (MB)
	80  -  ResidentSetSize of job (KB)
...
005 (90677.007.000) 10/28 17:05:39 Job terminated.
	(1) Normal termination (return value 0)
		Usr 0 00:00:03, Sys 0 00:00:00  -  Run Remote Usage
		Usr 0 00:00:00, Sys 0 00:00:00  -  Run Local Usage
		Usr 0 00:00:03, Sys 0 00:00:00  -  Total Remote Usage
		Usr 0 00:00:00, Sys 0 00:00:00  -  Total Local Usage
	0  -  Run Bytes Sent By Job
	0  -  Run Bytes Received By Job
	0  -  Total Bytes Sent By Job
	0  -  Total Bytes Received By Job
	Partitionable Resources :    Usage  Request Allocated 
	   Cpus                 :        0        1         1 
	   Disk (KB)            :     7500     7500     24191 
	   Memory (MB)          :        1     1000      1024 
...
005 (90677.008.000) 10/28 17:05:39 Job terminated.
	(1) Normal termination (return value 0)
		Usr 0 00:00:03, Sys 0 00:00:00  -  Run Remote Usage
		Usr 0 00:00:00, Sys 0 00:00:00  -  Run Local Usage
		Usr 0 00:00:03, Sys 0 00:00:00  -  Total Remote Usage
		Usr 0 00:00:00, Sys 0 00:00:00  -  Total Local Usage
	0  -  Run Bytes Sent By Job
	0  -  Run Bytes Received By Job
	0  -  Total Bytes Sent By Job
	0  -  Total Bytes Received By Job
	Partitionable Resources :    Usage  Request Allocated 
	   Cpus                 :        0        1         1 
	   Disk (KB)            :     7500     7500     24191 
	   Memory (MB)          :        1     1000      1024 
...
006 (90677.003.000) 10/28 17:05:40 Image size of job updated: 7500
	1  -  MemoryUsage of job (MB)
	60  -  ResidentSetSize of job (KB)
...
006 (90677.002.000) 10/28 17:05:40 Image size of job updated: 34912
	1  -  MemoryUsage of job (MB)
	8  -  ResidentSetSize of job (KB)
...
005 (90677.002.000) 10/28 17:05:40 Job terminated.
	(1) Normal termination (return value 0)
		Usr 0 00:00:03, Sys 0 00:00:00  -  Run Remote Usage
		Usr 0 00:00:00, Sys 0 00:00:00  -  Run Local Usage
		Usr 0 00:00:03, Sys 0 00:00:00  -  Total Remote Usage
		Usr 0 00:00:00, Sys 0 00:00:00  -  Total Local Usage
	0  -  Run Bytes Sent By Job
	0  -  Run Bytes Received By Job
	0  -  Total Bytes Sent By Job
	0  -  Total Bytes Received By Job
	Partitionable Resources :    Usage  Request Allocated 
	   Cpus                 :        0        1         1 
	   Disk (KB)            :     7500     7500     24344 
	   Memory (MB)          :        1     1000      1024 
...
005 (90677.003.000) 10/28 17:05:40 Job terminated.
	(1) Normal termination (return value 0)
		Usr 0 00:00:03, Sys 0 00:00:00  -  Run Remote Usage
		Usr 0 00:00:00, Sys 0 00:00:00  -  Run Local Usage
		Usr 0 00:00:03, Sys 0 00:00:00  -  Total Remote Usage
		Usr 0 00:00:00, Sys 0 00:00:00  -  Total Local Usage
	0  -  Run Bytes Sent By Job
	0  -  Run Bytes Received By Job
	0  -  Total Bytes Sent By Job
	0  -  Total Bytes Received By Job
	Partitionable Resources :    Usage  Request Allocated 
	   Cpus                 :        0        1         1 
	   Disk (KB)            :     7500     7500     24866 
	   Memory (MB)          :        1     1000      1024 
...
006 (90677.005.000) 10/28 17:05:40 Image size of job updated: 18292
	1  -  MemoryUsage of job (MB)
	84  -  ResidentSetSize of job (KB)
...
005 (90677.005.000) 10/28 17:05:40 Job terminated.
	(1) Normal termination (return value 0)
		Usr 0 00:00:03, Sys 0 00:00:00  -  Run Remote Usage
		Usr 0 00:00:00, Sys 0 00:00:00  -  Run Local Usage
		Usr 0 00:00:03, Sys 0 00:00:00  -  Total Remote Usage
		Usr 0 00:00:00, Sys 0 00:00:00  -  Total Local Usage
	0  -  Run Bytes Sent By Job
	0  -  Run Bytes Received By Job
	0  -  Total Bytes Sent By Job
	0  -  Total Bytes Received By Job
	Partitionable Resources :    Usage  Request Allocated 
	   Cpus                 :        0        1         1 
	   Disk (KB)            :     7500     7500     23973 
	   Memory (MB)          :        1     1000      1024 
...
006 (90677.009.000) 10/28 17:05:40 Image size of job updated: 305240
	0  -  MemoryUsage of job (MB)
	0  -  ResidentSetSize of job (KB)
...
006 (90677.006.000) 10/28 17:05:40 Image size of job updated: 24460
	1  -  MemoryUsage of job (MB)
	12  -  ResidentSetSize of job (KB)
...
005 (90677.009.000) 10/28 17:05:40 Job terminated.
	(1) Normal termination (return value 0)
		Usr 0 00:00:03, Sys 0 00:00:00  -  Run Remote Usage
		Usr 0 00:00:00, Sys 0 00:00:00  -  Run Local Usage
		Usr 0 00:00:03, Sys 0 00:00:00  -  Total Remote Usage
		Usr 0 00:00:00, Sys 0 00:00:00  -  Total Local Usage
	0  -  Run Bytes Sent By Job
	0  -  Run Bytes Received By Job
	0  -  Total Bytes Sent By Job
	0  -  Total Bytes Received By Job
	Partitionable Resources :    Usage  Request Allocated 
	   Cpus                 :        0        1         1 
	   Disk (KB)            :     7500     7500     24868 
	   Memory (MB)          :        0     1000      1024 
...
005 (90677.006.000) 10/28 17:05:40 Job terminated.
	(1) Normal termination (return value 0)
		Usr 0 00:00:03, Sys 0 00:00:00  -  Run Remote Usage
		Usr 0 00:00:00, Sys 0 00:00:00  -  Run Local Usage
		Usr 0 00:00:03, Sys 0 00:00:00  -  Total Remote Usage
		Usr 0 00:00:00, Sys 0 00:00:00  -  Total Local Usage
	0  -  Run Bytes Sent By Job
	0  -  Run Bytes Received By Job
	0  -  Total Bytes Sent By Job
	0  -  Total Bytes Received By Job
	Partitionable Resources :    Usage  Request Allocated 
	   Cpus                 :     0.88        1         1 
	   Disk (KB)            :  7500        7500     24868 
	   Memory (MB)          :     1        1000      1024 
...
000 (90678.000.000) 10/28 17:08:19 Job submitted from host: <192.168.119.42:9618?addrs=192.168.119.42-9618&noUDP&sock=936396_5930_3>
...
000 (90678.001.000) 10/28 17:08:19 Job submitted from host: <192.168.119.42:9618?addrs=192.168.119.42-9618&noUDP&sock=936396_5930_3>
...
000 (90678.002.000) 10/28 17:08:19 Job submitted from host: <192.168.119.42:9618?addrs=192.168.119.42-9618&noUDP&sock=936396_5930_3>
...
000 (90678.003.000) 10/28 17:08:19 Job submitted from host: <192.168.119.42:9618?addrs=192.168.119.42-9618&noUDP&sock=936396_5930_3>
...
000 (90678.004.000) 10/28 17:08:19 Job submitted from host: <192.168.119.42:9618?addrs=192.168.119.42-9618&noUDP&sock=936396_5930_3>
...
000 (90678.005.000) 10/28 17:08:19 Job submitted from host: <192.168.119.42:9618?addrs=192.168.119.42-9618&noUDP&sock=936396_5930_3>
...
000 (90678.006.000) 10/28 17:08:19 Job submitted from host: <192.168.119.42:9618?addrs=192.168.119.42-9618&noUDP&sock=936396_5930_3>
...
000 (90678.007.000) 10/28 17:08:19 Job submitted from host: <192.168.119.42:9618?addrs=192.168.119.42-9618&noUDP&sock=936396_5930_3>
...
000 (90678.008.000) 10/28 17:08:19 Job submitted from host: <192.168.119.42:9618?addrs=192.168.119.42-9618&noUDP&sock=936396_5930_3>
...
000 (90678.009.000) 10/28 17:08:19 Job submitted from host: <192.168.119.42:9618?addrs=192.168.119.42-9618&noUDP&sock=936396_5930_3>
...
001 (90678.007.000) 10/28 17:08:19 Job executing on host: <192.168.112.50:9618?addrs=192.168.112.50-9618&noUDP&sock=1801_ea28_321>
...
001 (90678.006.000) 10/28 17:08:19 Job executing on host: <192.168.112.39:9618?addrs=192.168.112.39-9618&noUDP&sock=1777_73e2_4>
...
001 (90678.005.000) 10/28 17:08:19 Job executing on host: <192.168.112.37:9618?addrs=192.168.112.37-9618&noUDP&sock=27430_46e5_4>
...
001 (90678.001.000) 10/28 17:08:19 Job executing on host: <192.168.112.34:9618?addrs=192.168.112.34-9618&noUDP&sock=1782_e1db_4>
...
001 (90678.008.000) 10/28 17:08:19 Job executing on host: <192.168.112.50:9618?addrs=192.168.112.50-9618&noUDP&sock=1801_ea28_321>
...
001 (90678.002.000) 10/28 17:08:19 Job executing on host: <192.168.112.35:9618?addrs=192.168.112.35-9618&noUDP&sock=1803_4958_71>
...
001 (90678.004.000) 10/28 17:08:19 Job executing on host: <192.168.112.36:9618?addrs=192.168.112.36-9618&noUDP&sock=1787_4fd4_4>
...
001 (90678.003.000) 10/28 17:08:19 Job executing on host: <192.168.112.33:9618?addrs=192.168.112.33-9618&noUDP&sock=1781_3243_4>
...
001 (90678.009.000) 10/28 17:08:19 Job executing on host: <192.168.112.39:9618?addrs=192.168.112.39-9618&noUDP&sock=1777_73e2_4>
...
001 (90678.000.000) 10/28 17:08:19 Job executing on host: <192.168.112.65:9618?addrs=192.168.112.65-9618&noUDP&sock=2392_4aa0_4>
...
006 (90678.000.000) 10/28 17:08:22 Image size of job updated: 7500
	1  -  MemoryUsage of job (MB)
	52  -  ResidentSetSize of job (KB)
...
005 (90678.000.000) 10/28 17:08:22 Job terminated.
	(1) Normal termination (return value 0)
		Usr 0 00:00:01, Sys 0 00:00:00  -  Run Remote Usage
		Usr 0 00:00:00, Sys 0 00:00:00  -  Run Local Usage
		Usr 0 00:00:01, Sys 0 00:00:00  -  Total Remote Usage
		Usr 0 00:00:00, Sys 0 00:00:00  -  Total Local Usage
	0  -  Run Bytes Sent By Job
	0  -  Run Bytes Received By Job
	0  -  Total Bytes Sent By Job
	0  -  Total Bytes Received By Job
	Partitionable Resources :    Usage  Request Allocated 
	   Cpus                 :                 1         1 
	   Disk (KB)            :     7500     7500     24694 
	   Memory (MB)          :        1     1000      1024 
...
006 (90678.004.000) 10/28 17:08:23 Image size of job updated: 34820
	1  -  MemoryUsage of job (MB)
	28  -  ResidentSetSize of job (KB)
...
005 (90678.004.000) 10/28 17:08:23 Job terminated.
	(1) Normal termination (return value 0)
		Usr 0 00:00:03, Sys 0 00:00:00  -  Run Remote Usage
		Usr 0 00:00:00, Sys 0 00:00:00  -  Run Local Usage
		Usr 0 00:00:03, Sys 0 00:00:00  -  Total Remote Usage
		Usr 0 00:00:00, Sys 0 00:00:00  -  Total Local Usage
	0  -  Run Bytes Sent By Job
	0  -  Run Bytes Received By Job
	0  -  Total Bytes Sent By Job
	0  -  Total Bytes Received By Job
	Partitionable Resources :    Usage  Request Allocated 
	   Cpus                 :        0        1         1 
	   Disk (KB)            :     7500     7500     24862 
	   Memory (MB)          :        1     1000      1024 
...
006 (90678.003.000) 10/28 17:08:23 Image size of job updated: 25268
	0  -  MemoryUsage of job (MB)
	0  -  ResidentSetSize of job (KB)
...
005 (90678.003.000) 10/28 17:08:23 Job terminated.
	(1) Normal termination (return value 0)
		Usr 0 00:00:03, Sys 0 00:00:00  -  Run Remote Usage
		Usr 0 00:00:00, Sys 0 00:00:00  -  Run Local Usage
		Usr 0 00:00:03, Sys 0 00:00:00  -  Total Remote Usage
		Usr 0 00:00:00, Sys 0 00:00:00  -  Total Local Usage
	0  -  Run Bytes Sent By Job
	0  -  Run Bytes Received By Job
	0  -  Total Bytes Sent By Job
	0  -  Total Bytes Received By Job
	Partitionable Resources :    Usage  Request Allocated 
	   Cpus                 :        0        1         1 
	   Disk (KB)            :     7500     7500     24866 
	   Memory (MB)          :        0     1000      1024 
...
006 (90678.001.000) 10/28 17:08:23 Image size of job updated: 25096
	0  -  MemoryUsage of job (MB)
	0  -  ResidentSetSize of job (KB)
...
005 (90678.001.000) 10/28 17:08:23 Job terminated.
	(1) Normal termination (return value 0)
		Usr 0 00:00:03, Sys 0 00:00:00  -  Run Remote Usage
		Usr 0 00:00:00, Sys 0 00:00:00  -  Run Local Usage
		Usr 0 00:00:03, Sys 0 00:00:00  -  Total Remote Usage
		Usr 0 00:00:00, Sys 0 00:00:00  -  Total Local Usage
	0  -  Run Bytes Sent By Job
	0  -  Run Bytes Received By Job
	0  -  Total Bytes Sent By Job
	0  -  Total Bytes Received By Job
	Partitionable Resources :    Usage  Request Allocated 
	   Cpus                 :        0        1         1 
	   Disk (KB)            :     7500     7500     24862 
	   Memory (MB)          :        0     1000      1024 
...
006 (90678.002.000) 10/28 17:08:23 Image size of job updated: 21156
	1  -  MemoryUsage of job (MB)
	8  -  ResidentSetSize of job (KB)
...
005 (90678.002.000) 10/28 17:08:23 Job terminated.
	(1) Normal termination (return value 0)
		Usr 0 00:00:03, Sys 0 00:00:00  -  Run Remote Usage
		Usr 0 00:00:00, Sys 0 00:00:00  -  Run Local Usage
		Usr 0 00:00:03, Sys 0 00:00:00  -  Total Remote Usage
		Usr 0 00:00:00, Sys 0 00:00:00  -  Total Local Usage
	0  -  Run Bytes Sent By Job
	0  -  Run Bytes Received By Job
	0  -  Total Bytes Sent By Job
	0  -  Total Bytes Received By Job
	Partitionable Resources :    Usage  Request Allocated 
	   Cpus                 :        0        1         1 
	   Disk (KB)            :     7500     7500     24344 
	   Memory (MB)          :        1     1000      1024 
...
006 (90678.007.000) 10/28 17:08:23 Image size of job updated: 280136
	1  -  MemoryUsage of job (MB)
	52  -  ResidentSetSize of job (KB)
...
005 (90678.007.000) 10/28 17:08:23 Job terminated.
	(1) Normal termination (return value 0)
		Usr 0 00:00:03, Sys 0 00:00:00  -  Run Remote Usage
		Usr 0 00:00:00, Sys 0 00:00:00  -  Run Local Usage
		Usr 0 00:00:03, Sys 0 00:00:00  -  Total Remote Usage
		Usr 0 00:00:00, Sys 0 00:00:00  -  Total Local Usage
	0  -  Run Bytes Sent By Job
	0  -  Run Bytes Received By Job
	0  -  Total Bytes Sent By Job
	0  -  Total Bytes Received By Job
	Partitionable Resources :    Usage  Request Allocated 
	   Cpus                 :        0        1         1 
	   Disk (KB)            :     7500     7500     24191 
	   Memory (MB)          :        1     1000      1024 
...
006 (90678.008.000) 10/28 17:08:23 Image size of job updated: 315836
	1  -  MemoryUsage of job (MB)
	36  -  ResidentSetSize of job (KB)
...
005 (90678.008.000) 10/28 17:08:23 Job terminated.
	(1) Normal termination (return value 0)
		Usr 0 00:00:03, Sys 0 00:00:00  -  Run Remote Usage
		Usr 0 00:00:00, Sys 0 00:00:00  -  Run Local Usage
		Usr 0 00:00:03, Sys 0 00:00:00  -  Total Remote Usage
		Usr 0 00:00:00, Sys 0 00:00:00  -  Total Local Usage
	0  -  Run Bytes Sent By Job
	0  -  Run Bytes Received By Job
	0  -  Total Bytes Sent By Job
	0  -  Total Bytes Received By Job
	Partitionable Resources :    Usage  Request Allocated 
	   Cpus                 :     0.96        1         1 
	   Disk (KB)            :  7500        7500     24191 
	   Memory (MB)          :     1        1000      1024 
...
006 (90678.006.000) 10/28 17:08:23 Image size of job updated: 280136
	1  -  MemoryUsage of job (MB)
	72  -  ResidentSetSize of job (KB)
...
005 (90678.006.000) 10/28 17:08:23 Job terminated.
	(1) Normal termination (return value 0)
		Usr 0 00:00:03, Sys 0 00:00:00  -  Run Remote Usage
		Usr 0 00:00:00, Sys 0 00:00:00  -  Run Local Usage
		Usr 0 00:00:03, Sys 0 00:00:00  -  Total Remote Usage
		Usr 0 00:00:00, Sys 0 00:00:00  -  Total Local Usage
	0  -  Run Bytes Sent By Job
	0  -  Run Bytes Received By Job
	0  -  Total Bytes Sent By Job
	0  -  Total Bytes Received By Job
	Partitionable Resources :    Usage  Request Allocated 
	   Cpus                 :        0        1         1 
	   Disk (KB)            :     7500     7500     24868 
	   Memory (MB)          :        1     1000      1024 
...
006 (90678.005.000) 10/28 17:08:23 Image size of job updated: 28868
	1  -  MemoryUsage of job (MB)
	8  -  ResidentSetSize of job (KB)
...
005 (90678.005.000) 10/28 17:08:23 Job terminated.
	(1) Normal termination (return value 0)
		Usr 0 00:00:03, Sys 0 00:00:00  -  Run Remote Usage
		Usr 0 00:00:00, Sys 0 00:00:00  -  Run Local Usage
		Usr 0 00:00:03, Sys 0 00:00:00  -  Total Remote Usage
		Usr 0 00:00:00, Sys 0 00:00:00  -  Total Local Usage
	0  -  Run Bytes Sent By Job
	0  -  Run Bytes Received By Job
	0  -  Total Bytes Sent By Job
	0  -  Total Bytes Received By Job
	Partitionable Resources :    Usage  Request Allocated 
	   Cpus                 :        0        1         1 
	   Disk (KB)            :     7500     7500     23973 
	   Memory (MB)          :        1     1000      1024 
...
006 (90678.009.000) 10/28 17:08:23 Image size of job updated: 7500
	1  -  MemoryUsage of job (MB)
	60  -  ResidentSetSize of job (KB)
...
005 (90678.009.000) 10/28 17:08:23 Job terminated.
	(1) Normal termination (return value 0)
		Usr 0 00:00:03, Sys 0 00:00:00  -  Run Remote Usage
		Usr 0 00:00:00, Sys 0 00:00:00  -  Run Local Usage
		Usr 0 00:00:03, Sys 0 00:00:00  -  Total Remote Usage
		Usr 0 00:00:00, Sys 0 00:00:00  -  Total Local Usage
	0  -  Run Bytes Sent By Job
	0  -  Run Bytes Received By Job
	0  -  Total Bytes Sent By Job
	0  -  Total Bytes Received By Job
	Partitionable Resources :    Usage  Request Allocated 
	   Cpus                 :     0.97        1         1 
	   Disk (KB)            :  7500        7500     24868 
	   Memory (MB)          :     1        1000      1024 
...
